Error in abs_path(input) : 
  The file 'C:/Windows/System32/Rmd/covid_cases.Rmd' does not exist.
Calls: <Anonymous> -> setwd -> dirname -> abs_path
In addition: Warning message:
In normalizePath(path.expand(path), winslash, mustWork) :
  path[1]="C:/Windows/System32/Rmd/covid_cases.Rmd": The system cannot find the path specified
Execution halted
Error in abs_path(input) : 
  The file 'C:/Windows/System32/Rmd/covid_cases.Rmd' does not exist.
Calls: <Anonymous> -> setwd -> dirname -> abs_path
In addition: Warning message:
In normalizePath(path.expand(path), winslash, mustWork) :
  path[1]="C:/Windows/System32/Rmd/covid_cases.Rmd": The system cannot find the path specified
Execution halted
Error in abs_path(input) : 
  The file 'C:/Windows/System32/Rmd/covid_cases.Rmd' does not exist.
Calls: <Anonymous> -> setwd -> dirname -> abs_path
In addition: Warning message:
In normalizePath(path.expand(path), winslash, mustWork) :
  path[1]="C:/Windows/System32/Rmd/covid_cases.Rmd": The system cannot find the path specified
Execution halted
Error in abs_path(input) : 
  The file 'C:/Windows/System32/Rmd/covid_cases.Rmd' does not exist.
Calls: <Anonymous> -> setwd -> dirname -> abs_path
In addition: Warning message:
In normalizePath(path.expand(path), winslash, mustWork) :
  path[1]="C:/Windows/System32/Rmd/covid_cases.Rmd": The system cannot find the path specified
Execution halted
Error in abs_path(input) : 
  The file 'C:/Windows/System32/Rmd/covid_cases.Rmd' does not exist.
Calls: <Anonymous> -> setwd -> dirname -> abs_path
In addition: Warning message:
In normalizePath(path.expand(path), winslash, mustWork) :
  path[1]="C:/Windows/System32/Rmd/covid_cases.Rmd": The system cannot find the path specified
Execution halted
Error in abs_path(input) : 
  The file 'C:/Windows/System32/Rmd/covid_cases.Rmd' does not exist.
Calls: <Anonymous> -> setwd -> dirname -> abs_path
In addition: Warning message:
In normalizePath(path.expand(path), winslash, mustWork) :
  path[1]="C:/Windows/System32/Rmd/covid_cases.Rmd": The system cannot find the path specified
Execution halted
Error in abs_path(input) : 
  The file 'C:/Windows/System32/Rmd/covid_cases.Rmd' does not exist.
Calls: <Anonymous> -> setwd -> dirname -> abs_path
In addition: Warning message:
In normalizePath(path.expand(path), winslash, mustWork) :
  path[1]="C:/Windows/System32/Rmd/covid_cases.Rmd": The system cannot find the path specified
Execution halted
Error in abs_path(input) : 
  The file 'C:/Windows/System32/Rmd/covid_cases.Rmd' does not exist.
Calls: <Anonymous> -> setwd -> dirname -> abs_path
In addition: Warning message:
In normalizePath(path.expand(path), winslash, mustWork) :
  path[1]="C:/Windows/System32/Rmd/covid_cases.Rmd": The system cannot find the path specified
Execution halted
Error in abs_path(input) : 
  The file 'C:/Windows/System32/Rmd/covid_cases.Rmd' does not exist.
Calls: <Anonymous> -> setwd -> dirname -> abs_path
In addition: Warning message:
In normalizePath(path.expand(path), winslash, mustWork) :
  path[1]="C:/Windows/System32/Rmd/covid_cases.Rmd": The system cannot find the path specified
Execution halted
Error in abs_path(input) : 
  The file 'C:/Windows/System32/Rmd/covid_cases.Rmd' does not exist.
Calls: <Anonymous> -> setwd -> dirname -> abs_path
In addition: Warning message:
In normalizePath(path.expand(path), winslash, mustWork) :
  path[1]="C:/Windows/System32/Rmd/covid_cases.Rmd": The system cannot find the path specified
Execution halted
Error in abs_path(input) : 
  The file 'C:/Windows/System32/Rmd/covid_cases.Rmd' does not exist.
Calls: <Anonymous> -> setwd -> dirname -> abs_path
In addition: Warning message:
In normalizePath(path.expand(path), winslash, mustWork) :
  path[1]="C:/Windows/System32/Rmd/covid_cases.Rmd": The system cannot find the path specified
Execution halted
Error in abs_path(input) : 
  The file 'C:/Windows/System32/Rmd/covid_cases.Rmd' does not exist.
Calls: <Anonymous> -> setwd -> dirname -> abs_path
In addition: Warning message:
In normalizePath(path.expand(path), winslash, mustWork) :
  path[1]="C:/Windows/System32/Rmd/covid_cases.Rmd": The system cannot find the path specified
Execution halted
Error in abs_path(input) : 
  The file 'C:/Windows/System32/Rmd/covid_cases.Rmd' does not exist.
Calls: <Anonymous> -> setwd -> dirname -> abs_path
In addition: Warning message:
In normalizePath(path.expand(path), winslash, mustWork) :
  path[1]="C:/Windows/System32/Rmd/covid_cases.Rmd": The system cannot find the path specified
Execution halted
Error in abs_path(input) : 
  The file 'C:/Windows/System32/Rmd/covid_cases.Rmd' does not exist.
Calls: <Anonymous> -> setwd -> dirname -> abs_path
In addition: Warning message:
In normalizePath(path.expand(path), winslash, mustWork) :
  path[1]="C:/Windows/System32/Rmd/covid_cases.Rmd": The system cannot find the path specified
Execution halted
Error in abs_path(input) : 
  The file 'C:/Windows/System32/Rmd/covid_cases.Rmd' does not exist.
Calls: <Anonymous> -> setwd -> dirname -> abs_path
In addition: Warning message:
In normalizePath(path.expand(path), winslash, mustWork) :
  path[1]="C:/Windows/System32/Rmd/covid_cases.Rmd": The system cannot find the path specified
Execution halted
Error in abs_path(input) : 
  The file 'C:/Windows/System32/Rmd/covid_cases.Rmd' does not exist.
Calls: <Anonymous> -> setwd -> dirname -> abs_path
In addition: Warning message:
In normalizePath(path.expand(path), winslash, mustWork) :
  path[1]="C:/Windows/System32/Rmd/covid_cases.Rmd": The system cannot find the path specified
Execution halted
Error: pandoc version 1.12.3 or higher is required and was not found (see the help page ?rmarkdown::pandoc_available).
Execution halted
